<?xml version="1.0" encoding="UTF-8"?>
<testng-results ignored="0" total="5" passed="5" failed="0" skipped="0">
  <reporter-output>
  </reporter-output>
  <suite started-at="2019-10-20T15:04:32 IST" name="Default suite" finished-at="2019-10-20T15:04:38 IST" duration-ms="6441">
    <groups>
    </groups>
    <test started-at="2019-10-20T15:04:32 IST" name="Default test" finished-at="2019-10-20T15:04:38 IST" duration-ms="6441">
      <class name="getRequest.GetData">
        <test-method signature="testBody()[pri:0, instance:getRequest.GetData@445b295b]" started-at="2019-10-20T15:04:32 IST" name="testBody" finished-at="2019-10-20T15:04:34 IST" duration-ms="2533" status="PASS">
          <reporter-output>
          </reporter-output>
        </test-method> <!-- testBody -->
        <test-method signature="testGetRequest()[pri:0, instance:getRequest.GetData@445b295b]" started-at="2019-10-20T15:04:34 IST" name="testGetRequest" finished-at="2019-10-20T15:04:35 IST" duration-ms="1133" status="PASS">
          <reporter-output>
          </reporter-output>
        </test-method> <!-- testGetRequest -->
        <test-method signature="testGetRequest2()[pri:0, instance:getRequest.GetData@445b295b]" started-at="2019-10-20T15:04:35 IST" name="testGetRequest2" finished-at="2019-10-20T15:04:36 IST" duration-ms="912" status="PASS">
          <reporter-output>
          </reporter-output>
        </test-method> <!-- testGetRequest2 -->
        <test-method signature="testPostRequest()[pri:0, instance:getRequest.GetData@445b295b]" started-at="2019-10-20T15:04:36 IST" name="testPostRequest" finished-at="2019-10-20T15:04:37 IST" duration-ms="992" status="PASS">
          <reporter-output>
          </reporter-output>
        </test-method> <!-- testPostRequest -->
        <test-method signature="testResponseCode()[pri:0, instance:getRequest.GetData@445b295b]" started-at="2019-10-20T15:04:37 IST" name="testResponseCode" finished-at="2019-10-20T15:04:38 IST" duration-ms="818" status="PASS">
          <reporter-output>
          </reporter-output>
        </test-method> <!-- testResponseCode -->
      </class> <!-- getRequest.GetData -->
    </test> <!-- Default test -->
  </suite> <!-- Default suite -->
</testng-results>
