<?xml version="1.0" encoding="UTF-8"?>
<testng-results ignored="0" total="3" passed="3" failed="0" skipped="0">
  <reporter-output>
  </reporter-output>
  <suite started-at="2019-10-19T19:03:11 IST" name="Default suite" finished-at="2019-10-19T19:03:15 IST" duration-ms="4311">
    <groups>
    </groups>
    <test started-at="2019-10-19T19:03:11 IST" name="Default test" finished-at="2019-10-19T19:03:15 IST" duration-ms="4311">
      <class name="getRequest.GetData">
        <test-method signature="GetWeatherDetails()[pri:0, instance:getRequest.GetData@5c671d7f]" started-at="2019-10-19T19:03:11 IST" name="GetWeatherDetails" finished-at="2019-10-19T19:03:14 IST" duration-ms="2498" status="PASS">
          <reporter-output>
          </reporter-output>
        </test-method> <!-- GetWeatherDetails -->
        <test-method signature="testBody()[pri:0, instance:getRequest.GetData@5c671d7f]" started-at="2019-10-19T19:03:14 IST" name="testBody" finished-at="2019-10-19T19:03:15 IST" duration-ms="976" status="PASS">
          <reporter-output>
          </reporter-output>
        </test-method> <!-- testBody -->
        <test-method signature="testResponseCode()[pri:0, instance:getRequest.GetData@5c671d7f]" started-at="2019-10-19T19:03:15 IST" name="testResponseCode" finished-at="2019-10-19T19:03:15 IST" duration-ms="766" status="PASS">
          <reporter-output>
          </reporter-output>
        </test-method> <!-- testResponseCode -->
      </class> <!-- getRequest.GetData -->
    </test> <!-- Default test -->
  </suite> <!-- Default suite -->
</testng-results>
